{
  "stats": {
    "suites": 1,
    "tests": 1,
    "passes": 1,
    "pending": 0,
    "failures": 0,
    "start": "2023-10-17T03:40:52.795Z",
    "end": "2023-10-17T03:41:12.313Z",
    "duration": 19518,
    "testsRegistered": 1,
    "passPercent": 100,
    "pendingPercent": 0,
    "other": 0,
    "hasOther": false,
    "skipped": 0,
    "hasSkipped": false
  },
  "results": [
    {
      "uuid": "c114c96f-1a86-47b4-ba1b-e07f9c79d063",
      "title": "",
      "fullFile": "cypress\\e2e\\filling-form.cy.ts",
      "file": "cypress\\e2e\\filling-form.cy.ts",
      "beforeHooks": [],
      "afterHooks": [],
      "tests": [],
      "suites": [
        {
          "uuid": "1dc8ed72-27b2-425e-8beb-d4fa97dfb117",
          "title": "Pruebas en demoqa.com",
          "fullFile": "",
          "file": "",
          "beforeHooks": [],
          "afterHooks": [],
          "tests": [
            {
              "title": "navegar a la aplicacion",
              "fullTitle": "Pruebas en demoqa.com navegar a la aplicacion",
              "timedOut": null,
              "duration": 14292,
              "state": "passed",
              "speed": "slow",
              "pass": true,
              "fail": false,
              "pending": false,
              "context": null,
              "code": "var testData = page_constants_1.pageConstants.testData;\npages_1.pageHelper.visitThePageFill();\ncy.log(\"verify\");\n// pageHelper.verifyVisitPage();\npages_1.pageHelper.insertFirstname(testData.Firstname);\npages_1.pageHelper.insertLastname(testData.LastName);\npages_1.pageHelper.insertEmail(testData.UserEmail);\npages_1.pageHelper.insertGender();\npages_1.pageHelper.insertNumber(testData.UserNumber);\npages_1.pageHelper.insertBirthday();\npages_1.pageHelper.insterMonth();\npages_1.pageHelper.insterYear();\npages_1.pageHelper.insertBirthdayB();\npages_1.pageHelper.insertSubject(testData.Subjects);\npages_1.pageHelper.insertHobbies();\npages_1.pageHelper.insertPicture();\npages_1.pageHelper.insertAdress(testData.Adress);",
              "err": {},
              "uuid": "a38055ae-457a-4035-ba7a-b158dc850af0",
              "parentUUID": "1dc8ed72-27b2-425e-8beb-d4fa97dfb117",
              "isHook": false,
              "skipped": false
            }
          ],
          "suites": [],
          "passes": [
            "a38055ae-457a-4035-ba7a-b158dc850af0"
          ],
          "failures": [],
          "pending": [],
          "skipped": [],
          "duration": 14292,
          "root": false,
          "rootEmpty": false,
          "_timeout": 2000
        }
      ],
      "passes": [],
      "failures": [],
      "pending": [],
      "skipped": [],
      "duration": 0,
      "root": true,
      "rootEmpty": true,
      "_timeout": 2000
    }
  ],
  "meta": {
    "mocha": {
      "version": "7.0.1"
    },
    "mochawesome": {
      "options": {
        "quiet": false,
        "reportFilename": "mochawesome",
        "saveHtml": false,
        "saveJson": true,
        "consoleReporter": "spec",
        "useInlineDiffs": false,
        "code": true
      },
      "version": "7.1.3"
    },
    "marge": {
      "options": {
        "id": "default",
        "reportDir": "cypress/reports/mocha",
        "quite": true,
        "overwrite": false,
        "html": false,
        "json": true
      },
      "version": "6.2.0"
    }
  }
}