{
  "stats": {
    "suites": 2,
    "tests": 2,
    "passes": 2,
    "pending": 0,
    "failures": 0,
    "start": "2023-10-17T03:44:07.397Z",
    "end": "2023-10-17T03:44:25.480Z",
    "duration": 18083,
    "testsRegistered": 2,
    "passPercent": 100,
    "pendingPercent": 0,
    "other": 0,
    "hasOther": false,
    "skipped": 0,
    "hasSkipped": false
  },
  "results": [
    {
      "uuid": "84b78f79-fb90-4525-9723-e1d9ed7d5010",
      "title": "",
      "fullFile": "cypress\\e2e\\upload-download.cy.ts",
      "file": "cypress\\e2e\\upload-download.cy.ts",
      "beforeHooks": [],
      "afterHooks": [],
      "tests": [],
      "suites": [
        {
          "uuid": "7ab6035c-114e-49b1-b469-54a73dafa755",
          "title": "Pruebas en herokuapp.com",
          "fullFile": "",
          "file": "",
          "beforeHooks": [],
          "afterHooks": [],
          "tests": [
            {
              "title": "navegar a la aplicacion",
              "fullTitle": "Pruebas en herokuapp.com navegar a la aplicacion",
              "timedOut": null,
              "duration": 2534,
              "state": "passed",
              "speed": "fast",
              "pass": true,
              "fail": false,
              "pending": false,
              "context": null,
              "code": "cy.intercept({ resourceType: /xhr|fetch/ }, { log: false });\nupload_page_1.UploadPage.visitThePage();\nupload_page_1.UploadPage.ClickONSelectFile();\nupload_page_1.UploadPage.uploadFile();\nupload_page_1.UploadPage.ClickUpload();\nupload_page_1.UploadPage.VerifyUpload();",
              "err": {},
              "uuid": "c8d86a02-a611-4bb7-af6f-e45fdfcf8aa6",
              "parentUUID": "7ab6035c-114e-49b1-b469-54a73dafa755",
              "isHook": false,
              "skipped": false
            }
          ],
          "suites": [],
          "passes": [
            "c8d86a02-a611-4bb7-af6f-e45fdfcf8aa6"
          ],
          "failures": [],
          "pending": [],
          "skipped": [],
          "duration": 2534,
          "root": false,
          "rootEmpty": false,
          "_timeout": 2000
        },
        {
          "uuid": "1b208c0c-94e9-45cd-aca3-308d3e84f169",
          "title": "Pruebas en herokuapp.com",
          "fullFile": "",
          "file": "",
          "beforeHooks": [],
          "afterHooks": [],
          "tests": [
            {
              "title": "navegar a la aplicacion",
              "fullTitle": "Pruebas en herokuapp.com navegar a la aplicacion",
              "timedOut": null,
              "duration": 5030,
              "state": "passed",
              "speed": "medium",
              "pass": true,
              "fail": false,
              "pending": false,
              "context": null,
              "code": "cy.intercept({ resourceType: /xhr|fetch/ }, { log: false });\ndownload_page_1.downloadpage.visitThePage();\n// downloadpage.ClickSelectFile()\ndownload_page_1.downloadpage.ClickDownload();\ndownload_page_1.downloadpage.VerifyImg();",
              "err": {},
              "uuid": "53f20047-945c-466a-b412-eb94c311bd4b",
              "parentUUID": "1b208c0c-94e9-45cd-aca3-308d3e84f169",
              "isHook": false,
              "skipped": false
            }
          ],
          "suites": [],
          "passes": [
            "53f20047-945c-466a-b412-eb94c311bd4b"
          ],
          "failures": [],
          "pending": [],
          "skipped": [],
          "duration": 5030,
          "root": false,
          "rootEmpty": false,
          "_timeout": 2000
        }
      ],
      "passes": [],
      "failures": [],
      "pending": [],
      "skipped": [],
      "duration": 0,
      "root": true,
      "rootEmpty": true,
      "_timeout": 2000
    }
  ],
  "meta": {
    "mocha": {
      "version": "7.0.1"
    },
    "mochawesome": {
      "options": {
        "quiet": false,
        "reportFilename": "mochawesome",
        "saveHtml": false,
        "saveJson": true,
        "consoleReporter": "spec",
        "useInlineDiffs": false,
        "code": true
      },
      "version": "7.1.3"
    },
    "marge": {
      "options": {
        "id": "default",
        "reportDir": "cypress/reports/mocha",
        "quite": true,
        "overwrite": false,
        "html": false,
        "json": true
      },
      "version": "6.2.0"
    }
  }
}