{
  "stats": {
    "suites": 1,
    "tests": 1,
    "passes": 1,
    "pending": 0,
    "failures": 0,
    "start": "2023-10-17T03:41:19.134Z",
    "end": "2023-10-17T03:41:25.784Z",
    "duration": 6650,
    "testsRegistered": 1,
    "passPercent": 100,
    "pendingPercent": 0,
    "other": 0,
    "hasOther": false,
    "skipped": 0,
    "hasSkipped": false
  },
  "results": [
    {
      "uuid": "2682ef1b-ded7-48c7-98a1-b215ae18a0b2",
      "title": "",
      "fullFile": "cypress\\e2e\\google.cy.ts",
      "file": "cypress\\e2e\\google.cy.ts",
      "beforeHooks": [],
      "afterHooks": [],
      "tests": [],
      "suites": [
        {
          "uuid": "6fcbaafb-372b-489a-87df-3d5787a6ef36",
          "title": "This is my first cypress test",
          "fullFile": "",
          "file": "",
          "beforeHooks": [],
          "afterHooks": [],
          "tests": [
            {
              "title": "should have a title",
              "fullTitle": "This is my first cypress test should have a title",
              "timedOut": null,
              "duration": 3002,
              "state": "passed",
              "speed": "fast",
              "pass": true,
              "fail": false,
              "pending": false,
              "context": null,
              "code": "cy.visit(\"https://www.google.com/\");\ncy.title().should(\"eq\", \"Google\");",
              "err": {},
              "uuid": "8d6e9219-ad3c-4d31-ba95-f6ca5c4c8882",
              "parentUUID": "6fcbaafb-372b-489a-87df-3d5787a6ef36",
              "isHook": false,
              "skipped": false
            }
          ],
          "suites": [],
          "passes": [
            "8d6e9219-ad3c-4d31-ba95-f6ca5c4c8882"
          ],
          "failures": [],
          "pending": [],
          "skipped": [],
          "duration": 3002,
          "root": false,
          "rootEmpty": false,
          "_timeout": 2000
        }
      ],
      "passes": [],
      "failures": [],
      "pending": [],
      "skipped": [],
      "duration": 0,
      "root": true,
      "rootEmpty": true,
      "_timeout": 2000
    }
  ],
  "meta": {
    "mocha": {
      "version": "7.0.1"
    },
    "mochawesome": {
      "options": {
        "quiet": false,
        "reportFilename": "mochawesome",
        "saveHtml": false,
        "saveJson": true,
        "consoleReporter": "spec",
        "useInlineDiffs": false,
        "code": true
      },
      "version": "7.1.3"
    },
    "marge": {
      "options": {
        "id": "default",
        "reportDir": "cypress/reports/mocha",
        "quite": true,
        "overwrite": false,
        "html": false,
        "json": true
      },
      "version": "6.2.0"
    }
  }
}