{
  "stats": {
    "suites": 1,
    "tests": 1,
    "passes": 0,
    "pending": 0,
    "failures": 1,
    "start": "2023-10-17T03:41:32.654Z",
    "end": "2023-10-17T03:43:07.805Z",
    "duration": 95151,
    "testsRegistered": 2,
    "passPercent": 0,
    "pendingPercent": 0,
    "other": 0,
    "hasOther": false,
    "skipped": 1,
    "hasSkipped": true
  },
  "results": [
    {
      "uuid": "a0bb1c0b-0908-4fdc-af0d-0b178c294a5d",
      "title": "",
      "fullFile": "cypress\\e2e\\iframe.cy.ts",
      "file": "cypress\\e2e\\iframe.cy.ts",
      "beforeHooks": [],
      "afterHooks": [],
      "tests": [],
      "suites": [
        {
          "uuid": "dc61ff58-8424-4eb8-9dc0-a98d22d076a1",
          "title": "iFrames Validation",
          "fullFile": "",
          "file": "",
          "beforeHooks": [],
          "afterHooks": [],
          "tests": [
            {
              "title": "Validate iframe main title",
              "fullTitle": "iFrames Validation Validate iframe main title",
              "timedOut": null,
              "duration": 90100,
              "state": "failed",
              "speed": null,
              "pass": false,
              "fail": true,
              "pending": false,
              "context": null,
              "code": "iframePage.getFrameTitle();",
              "err": {
                "message": "CypressError: Timed out after waiting `90000ms` for your remote page to load.\n\nYour page did not fire its `load` event within `90000ms`.\n\nYou can try increasing the `pageLoadTimeout` value in `cypress.config.ts` to wait longer.\n\nBrowsers will not fire the `load` event until all stylesheets and scripts are done downloading.\n\nWhen this `load` event occurs, Cypress will continue running commands.\n\nBecause this error occurred during a `before each` hook we are skipping the remaining tests in the current suite: `iFrames Validation`",
                "estack": "CypressError: Timed out after waiting `90000ms` for your remote page to load.\n\nYour page did not fire its `load` event within `90000ms`.\n\nYou can try increasing the `pageLoadTimeout` value in `cypress.config.ts` to wait longer.\n\nBrowsers will not fire the `load` event until all stylesheets and scripts are done downloading.\n\nWhen this `load` event occurs, Cypress will continue running commands.\n\nBecause this error occurred during a `before each` hook we are skipping the remaining tests in the current suite: `iFrames Validation`\n    at timedOutWaitingForPageLoad (https://www.w3schools.com/__cypress/runner/cypress_runner.js:130039:64)\n    at <unknown> (https://www.w3schools.com/__cypress/runner/cypress_runner.js:131013:16)\n    at tryCatcher (https://www.w3schools.com/__cypress/runner/cypress_runner.js:1807:23)\n    at <unknown> (https://www.w3schools.com/__cypress/runner/cypress_runner.js:4186:41)\n    at tryCatcher (https://www.w3schools.com/__cypress/runner/cypress_runner.js:1807:23)\n    at Promise._settlePromiseFromHandler (https://www.w3schools.com/__cypress/runner/cypress_runner.js:1519:31)\n    at Promise._settlePromise (https://www.w3schools.com/__cypress/runner/cypress_runner.js:1576:18)\n    at Promise._settlePromise0 (https://www.w3schools.com/__cypress/runner/cypress_runner.js:1621:10)\n    at Promise._settlePromises (https://www.w3schools.com/__cypress/runner/cypress_runner.js:1697:18)\n    at _drainQueueStep (https://www.w3schools.com/__cypress/runner/cypress_runner.js:2407:12)\n    at _drainQueue (https://www.w3schools.com/__cypress/runner/cypress_runner.js:2400:9)\n    at Async._drainQueues (https://www.w3schools.com/__cypress/runner/cypress_runner.js:2416:5)\n    at Async.drainQueues (https://www.w3schools.com/__cypress/runner/cypress_runner.js:2286:14)\nFrom Your Spec Code:\n    at IframePage.visit (webpack://cypress-training/./cypress/pages/iframe/iframe.page.ts:10:0)\n    at Context.eval (webpack://cypress-training/./cypress/e2e/iframe.cy.ts:7:0)",
                "diff": null
              },
              "uuid": "b4fbcc83-7b62-4aab-8bf5-609105058f42",
              "parentUUID": "dc61ff58-8424-4eb8-9dc0-a98d22d076a1",
              "isHook": false,
              "skipped": false
            },
            {
              "title": "Validate iframe css main title",
              "fullTitle": "iFrames Validation Validate iframe css main title",
              "timedOut": null,
              "duration": 0,
              "state": "skipped",
              "speed": null,
              "pass": false,
              "fail": false,
              "pending": false,
              "context": null,
              "code": "iframePage.goToCssPageInFrame();",
              "err": {},
              "uuid": "1215d972-8493-487b-830d-787d873fa22e",
              "parentUUID": "dc61ff58-8424-4eb8-9dc0-a98d22d076a1",
              "isHook": false,
              "skipped": true
            }
          ],
          "suites": [],
          "passes": [],
          "failures": [
            "b4fbcc83-7b62-4aab-8bf5-609105058f42"
          ],
          "pending": [],
          "skipped": [
            "1215d972-8493-487b-830d-787d873fa22e"
          ],
          "duration": 90100,
          "root": false,
          "rootEmpty": false,
          "_timeout": 2000
        }
      ],
      "passes": [],
      "failures": [],
      "pending": [],
      "skipped": [],
      "duration": 0,
      "root": true,
      "rootEmpty": true,
      "_timeout": 2000
    }
  ],
  "meta": {
    "mocha": {
      "version": "7.0.1"
    },
    "mochawesome": {
      "options": {
        "quiet": false,
        "reportFilename": "mochawesome",
        "saveHtml": false,
        "saveJson": true,
        "consoleReporter": "spec",
        "useInlineDiffs": false,
        "code": true
      },
      "version": "7.1.3"
    },
    "marge": {
      "options": {
        "id": "default",
        "reportDir": "cypress/reports/mocha",
        "quite": true,
        "overwrite": false,
        "html": false,
        "json": true
      },
      "version": "6.2.0"
    }
  }
}